<?xml version="1.0" encoding="UTF-8"?>
<!-- Generated by org.testng.reporters.JUnitReportReporter -->
<testsuite skipped="0" hostname="DheerenDell" name="testfrm1.UITest" tests="1" failures="0" timestamp="05 Mar 2018 21:16:16 GMT" time="26.329" errors="0">
  <testcase name="launchbrowser" time="26.329" classname="testfrm1.UITest"/>
</testsuite> <!-- testfrm1.UITest -->
