<?xml version="1.0" encoding="UTF-8"?>
<!-- Generated by org.testng.reporters.JUnitReportReporter -->
<testsuite skipped="0" hostname="DheerenDell" name="testfrm1.APITest" tests="1" failures="0" timestamp="06 Mar 2018 03:10:04 GMT" time="6.524" errors="0">
  <testcase name="GetTwitter" time="6.524" classname="testfrm1.APITest"/>
</testsuite> <!-- testfrm1.APITest -->
